Using pre-set license
Built from '2020.3/release' branch; Version is '2020.3.2f1 (8fd9074bf66c) revision 9427207'; Using compiler version '192528614'; Build Type 'Release'
OS: 'Windows 10 Home Single Language; OS build 18363.1556; Version 1909; 64bit' Language: 'en' Physical Memory: 12170 MB
BatchMode: 1, IsHumanControllingUs: 0, StartBugReporterOnCrash: 0, Is64bit: 1, IsPro: 0

 COMMAND LINE ARGUMENTS:
C:\Users\ASUS\Desktop\Unity - Game Development\2020.3.2f1\Editor\Unity.exe
-adb2
-batchMode
-noUpm
-name
AssetImportWorker1
-projectPath
D:/git/Din-Don-s-Adventure/Jump-Fever
-logFile
Logs/AssetImportWorker1.log
-srvPort
55130
Successfully changed project path to: D:/git/Din-Don-s-Adventure/Jump-Fever
D:/git/Din-Don-s-Adventure/Jump-Fever
Using Asset Import Pipeline V2.
Refreshing native plugins compatible for Editor in 50.51 ms, found 1 plugins.
Preloading 0 native plugins for Editor in 0.00 ms.
Initialize engine version: 2020.3.2f1 (8fd9074bf66c)
[Subsystems] Discovering subsystems at path C:/Users/ASUS/Desktop/Unity - Game Development/2020.3.2f1/Editor/Data/Resources/UnitySubsystems
[Subsystems] Discovering subsystems at path D:/git/Din-Don-s-Adventure/Jump-Fever/Assets
GfxDevice: creating device client; threaded=0
Direct3D:
    Version:  Direct3D 11.0 [level 11.0]
    Renderer: NVIDIA GeForce MX130 (ID=0x174d)
    Vendor:   
    VRAM:     2010 MB
    Driver:   27.21.14.5167
Initialize mono
Mono path[0] = 'C:/Users/ASUS/Desktop/Unity - Game Development/2020.3.2f1/Editor/Data/Managed'
Mono path[1] = 'C:/Users/ASUS/Desktop/Unity - Game Development/2020.3.2f1/Editor/Data/MonoBleedingEdge/lib/mono/unityjit'
Mono config path = 'C:/Users/ASUS/Desktop/Unity - Game Development/2020.3.2f1/Editor/Data/MonoBleedingEdge/etc'
Using monoOptions --debugger-agent=transport=dt_socket,embedding=1,server=y,suspend=n,address=127.0.0.1:56032
Begin MonoManager ReloadAssembly
Registering precompiled unity dll's ...
Register platform support module: C:/Users/ASUS/Desktop/Unity - Game Development/2020.3.2f1/Editor/Data/PlaybackEngines/WindowsStandaloneSupport/UnityEditor.WindowsStandalone.Extensions.dll
Registered in 0.002364 seconds.
Native extension for WindowsStandalone target not found
Refreshing native plugins compatible for Editor in 65.15 ms, found 1 plugins.
Preloading 0 native plugins for Editor in 0.00 ms.
Invoked RoslynAnalysisRunner static constructor.
RoslynAnalysisRunner will not be running.
RoslynAnalysisRunner has terminated.
Mono: successfully reloaded assembly
- Completed reload, in  1.270 seconds
Platform modules already initialized, skipping
Registering precompiled user dll's ...
Registered in 0.000967 seconds.
Begin MonoManager ReloadAssembly
Native extension for WindowsStandalone target not found
Refreshing native plugins compatible for Editor in 50.20 ms, found 1 plugins.
Preloading 0 native plugins for Editor in 0.00 ms.
Invoked RoslynAnalysisRunner static constructor.
RoslynAnalysisRunner will not be running.
RoslynAnalysisRunner has terminated.
Mono: successfully reloaded assembly
- Completed reload, in  2.280 seconds
Platform modules already initialized, skipping
========================================================================
Worker process is ready to serve import requests
Launched and connected shader compiler UnityShaderCompiler.exe after 0.05 seconds
Refreshing native plugins compatible for Editor in 0.47 ms, found 1 plugins.
Preloading 0 native plugins for Editor in 0.00 ms.
Unloading 2001 Unused Serialized files (Serialized files now loaded: 0)
System memory in use before: 93.3 MB.
System memory in use after: 93.3 MB.

Unloading 24 unused Assets to reduce memory usage. Loaded Objects now: 2447.
Total: 2.232100 ms (FindLiveObjects: 0.209100 ms CreateObjectMapping: 0.071200 ms MarkObjects: 1.828200 ms  DeleteObjects: 0.122400 ms)

========================================================================
Received Import Request.
  path: Assets/Scenes/PlayerSelection.unity
  artifactKey: Guid(fa64e28e974895744af489273ba53aeb) Importer(815301076,1909f56bfc062723c751e8b465ee728b)
Start importing Assets/Scenes/PlayerSelection.unity using Guid(fa64e28e974895744af489273ba53aeb) Importer(815301076,1909f56bfc062723c751e8b465ee728b)  -> (artifact id: '9ad088ebaeb291dbc0ca54d609af042d') in 0.018169 seconds
  Import took 0.021849 seconds .

========================================================================
Received Import Request.
  Time since last request: 72.590845 seconds.
  path: Assets/Scenes/PlayerSelection.unity
  artifactKey: Guid(fa64e28e974895744af489273ba53aeb) Importer(815301076,1909f56bfc062723c751e8b465ee728b)
Start importing Assets/Scenes/PlayerSelection.unity using Guid(fa64e28e974895744af489273ba53aeb) Importer(815301076,1909f56bfc062723c751e8b465ee728b)  -> (artifact id: '533ad6245d5c41308ec608781135b213') in 0.009084 seconds
  Import took 0.014972 seconds .

========================================================================
Received Import Request.
  Time since last request: 26.936365 seconds.
  path: Assets/Scripts/Audio
  artifactKey: Guid(f5f72a974ff73c74488c337110eff2ed) Importer(815301076,1909f56bfc062723c751e8b465ee728b)
Start importing Assets/Scripts/Audio using Guid(f5f72a974ff73c74488c337110eff2ed) Importer(815301076,1909f56bfc062723c751e8b465ee728b)  -> (artifact id: '64863d631c5e11f4c4cebbb5675bfecd') in 0.009018 seconds
  Import took 0.013310 seconds .

========================================================================
Received Import Request.
  Time since last request: 1.404677 seconds.
  path: Assets/Scripts/Audio/BGMPlayer.cs
  artifactKey: Guid(510f9f5367719854ba8a1d22129731fa) Importer(815301076,1909f56bfc062723c751e8b465ee728b)
Start importing Assets/Scripts/Audio/BGMPlayer.cs using Guid(510f9f5367719854ba8a1d22129731fa) Importer(815301076,1909f56bfc062723c751e8b465ee728b)  -> (artifact id: '059ef0d5090b6a10ae6ee97e093b0aae') in 0.108644 seconds
  Import took 0.113162 seconds .

========================================================================
Received Prepare
Registering precompiled user dll's ...
Registered in 0.000862 seconds.
Begin MonoManager ReloadAssembly
Native extension for WindowsStandalone target not found
Refreshing native plugins compatible for Editor in 0.48 ms, found 1 plugins.
Preloading 0 native plugins for Editor in 0.00 ms.
Invoked RoslynAnalysisRunner static constructor.
RoslynAnalysisRunner will not be running.
RoslynAnalysisRunner has terminated.
Mono: successfully reloaded assembly
- Completed reload, in  0.981 seconds
Platform modules already initialized, skipping
Refreshing native plugins compatible for Editor in 0.47 ms, found 1 plugins.
Preloading 0 native plugins for Editor in 0.00 ms.
Unloading 1980 Unused Serialized files (Serialized files now loaded: 0)
System memory in use before: 91.7 MB.
System memory in use after: 91.8 MB.

Unloading 12 unused Assets to reduce memory usage. Loaded Objects now: 2451.
Total: 2.538600 ms (FindLiveObjects: 0.215400 ms CreateObjectMapping: 0.095000 ms MarkObjects: 2.133600 ms  DeleteObjects: 0.093200 ms)

========================================================================
Received Prepare
Registering precompiled user dll's ...
Registered in 0.000950 seconds.
Begin MonoManager ReloadAssembly
Native extension for WindowsStandalone target not found
Refreshing native plugins compatible for Editor in 0.46 ms, found 1 plugins.
Preloading 0 native plugins for Editor in 0.00 ms.
Invoked RoslynAnalysisRunner static constructor.
RoslynAnalysisRunner will not be running.
RoslynAnalysisRunner has terminated.
Mono: successfully reloaded assembly
- Completed reload, in  0.928 seconds
Platform modules already initialized, skipping
Refreshing native plugins compatible for Editor in 0.47 ms, found 1 plugins.
Preloading 0 native plugins for Editor in 0.00 ms.
Unloading 1980 Unused Serialized files (Serialized files now loaded: 0)
System memory in use before: 91.8 MB.
System memory in use after: 91.8 MB.

Unloading 12 unused Assets to reduce memory usage. Loaded Objects now: 2455.
Total: 2.157100 ms (FindLiveObjects: 0.211800 ms CreateObjectMapping: 0.086000 ms MarkObjects: 1.768400 ms  DeleteObjects: 0.089300 ms)

========================================================================
Received Import Request.
  Time since last request: 137.911182 seconds.
  path: Assets/Audio/BGM/normal 2.mp3
  artifactKey: Guid(56e003f492043fb45be2ba01d323670b) Importer(815301076,1909f56bfc062723c751e8b465ee728b)
Start importing Assets/Audio/BGM/normal 2.mp3 using Guid(56e003f492043fb45be2ba01d323670b) Importer(815301076,1909f56bfc062723c751e8b465ee728b)  -> (artifact id: 'c07c289f596afd41ec36917a74ff5def') in 0.331545 seconds
  Import took 0.336765 seconds .

========================================================================
Received Import Request.
  Time since last request: 0.000341 seconds.
  path: Assets/Scripts/Audio/BGMPlayer.cs
  artifactKey: Guid(510f9f5367719854ba8a1d22129731fa) Importer(815301076,1909f56bfc062723c751e8b465ee728b)
Start importing Assets/Scripts/Audio/BGMPlayer.cs using Guid(510f9f5367719854ba8a1d22129731fa) Importer(815301076,1909f56bfc062723c751e8b465ee728b)  -> (artifact id: 'df109002bb8b9cbdd8cec1c8073416d5') in 0.001454 seconds
  Import took 0.004569 seconds .

========================================================================
Received Import Request.
  Time since last request: 0.000348 seconds.
  path: Assets/Audio/BGM
  artifactKey: Guid(6e224f4ab1330264a954997e037f75a6) Importer(815301076,1909f56bfc062723c751e8b465ee728b)
Start importing Assets/Audio/BGM using Guid(6e224f4ab1330264a954997e037f75a6) Importer(815301076,1909f56bfc062723c751e8b465ee728b)  -> (artifact id: '778f16e6a210da62fba99968a61f231d') in 0.007598 seconds
  Import took 0.010931 seconds .

========================================================================
Received Import Request.
  Time since last request: 4.909633 seconds.
  path: Assets/Audio/BGM/opening.mp3
  artifactKey: Guid(32f419f79816a7a4f96a1780f00a1904) Importer(815301076,1909f56bfc062723c751e8b465ee728b)
Start importing Assets/Audio/BGM/opening.mp3 using Guid(32f419f79816a7a4f96a1780f00a1904) Importer(815301076,1909f56bfc062723c751e8b465ee728b)  -> (artifact id: 'f6fc15c27f06041af6890a3e0945c1f9') in 0.021846 seconds
  Import took 0.026410 seconds .

========================================================================
Received Import Request.
  Time since last request: 0.004719 seconds.
  path: Assets/Audio/BGM/opening.mp3
  artifactKey: Guid(32f419f79816a7a4f96a1780f00a1904) Importer(815301076,1909f56bfc062723c751e8b465ee728b)
Start importing Assets/Audio/BGM/opening.mp3 using Guid(32f419f79816a7a4f96a1780f00a1904) Importer(815301076,1909f56bfc062723c751e8b465ee728b)  -> (artifact id: 'f6fc15c27f06041af6890a3e0945c1f9') in 0.017370 seconds
  Import took 0.024047 seconds .

========================================================================
Received Import Request.
  Time since last request: 15.594752 seconds.
  path: Assets/Audio/BGM/Level.mp3
  artifactKey: Guid(56e003f492043fb45be2ba01d323670b) Importer(815301076,1909f56bfc062723c751e8b465ee728b)
Start importing Assets/Audio/BGM/Level.mp3 using Guid(56e003f492043fb45be2ba01d323670b) Importer(815301076,1909f56bfc062723c751e8b465ee728b)  -> (artifact id: '1a03e85b7dbf24b8e2ea8313ee18d54e') in 0.042481 seconds
  Import took 0.046567 seconds .

========================================================================
Received Prepare
Registering precompiled user dll's ...
Registered in 0.000926 seconds.
Begin MonoManager ReloadAssembly
Native extension for WindowsStandalone target not found
Refreshing native plugins compatible for Editor in 0.47 ms, found 1 plugins.
Preloading 0 native plugins for Editor in 0.00 ms.
Invoked RoslynAnalysisRunner static constructor.
RoslynAnalysisRunner will not be running.
RoslynAnalysisRunner has terminated.
Mono: successfully reloaded assembly
- Completed reload, in  1.059 seconds
Platform modules already initialized, skipping
Refreshing native plugins compatible for Editor in 0.47 ms, found 1 plugins.
Preloading 0 native plugins for Editor in 0.00 ms.
Unloading 1980 Unused Serialized files (Serialized files now loaded: 0)
System memory in use before: 94.8 MB.
System memory in use after: 94.8 MB.

Unloading 12 unused Assets to reduce memory usage. Loaded Objects now: 2468.
Total: 3.825000 ms (FindLiveObjects: 0.818600 ms CreateObjectMapping: 0.098000 ms MarkObjects: 2.804200 ms  DeleteObjects: 0.102500 ms)

========================================================================
Received Import Request.
  Time since last request: 67.521023 seconds.
  path: Assets/Audio/BGM/level.mp3
  artifactKey: Guid(56e003f492043fb45be2ba01d323670b) Importer(815301076,1909f56bfc062723c751e8b465ee728b)
Start importing Assets/Audio/BGM/level.mp3 using Guid(56e003f492043fb45be2ba01d323670b) Importer(815301076,1909f56bfc062723c751e8b465ee728b)  -> (artifact id: '769bda5047b8d351a5dad7d7792e56f1') in 0.064920 seconds
  Import took 0.068848 seconds .

========================================================================
Received Import Request.
  Time since last request: 15.375503 seconds.
  path: Assets/Scenes/Level/Level 2.unity
  artifactKey: Guid(5b930c656c927ca469e37ecb0d28ced4) Importer(815301076,1909f56bfc062723c751e8b465ee728b)
Start importing Assets/Scenes/Level/Level 2.unity using Guid(5b930c656c927ca469e37ecb0d28ced4) Importer(815301076,1909f56bfc062723c751e8b465ee728b)  -> (artifact id: '0c047a94cef84e0edf6041595b2bd172') in 0.008867 seconds
  Import took 0.012870 seconds .

========================================================================
Received Import Request.
  Time since last request: 13.211717 seconds.
  path: Assets/Scenes/HomeScene.unity
  artifactKey: Guid(fa1d321e318b1c44da63ffa5ff0cc078) Importer(815301076,1909f56bfc062723c751e8b465ee728b)
Start importing Assets/Scenes/HomeScene.unity using Guid(fa1d321e318b1c44da63ffa5ff0cc078) Importer(815301076,1909f56bfc062723c751e8b465ee728b)  -> (artifact id: '5054a1394dc35fe77cc5482ee61f3675') in 0.045503 seconds
  Import took 0.049169 seconds .

========================================================================
Received Import Request.
  Time since last request: 14.586683 seconds.
  path: Assets/SoundEffectHolder.prefab
  artifactKey: Guid(a095f87b8c90f104c9075e3251ed813f) Importer(815301076,1909f56bfc062723c751e8b465ee728b)
Start importing Assets/SoundEffectHolder.prefab using Guid(a095f87b8c90f104c9075e3251ed813f) Importer(815301076,1909f56bfc062723c751e8b465ee728b)  -> (artifact id: 'bcafa455bd1c8e874c95642608ee4a58') in 0.077766 seconds
  Import took 0.081634 seconds .

========================================================================
Received Import Request.
  Time since last request: 2.535669 seconds.
  path: Assets/Prefabs/UI/Canvas - GameUI.prefab
  artifactKey: Guid(5774e9a4d094cc943a38a8b6cc4e48fc) Importer(815301076,1909f56bfc062723c751e8b465ee728b)
Start importing Assets/Prefabs/UI/Canvas - GameUI.prefab using Guid(5774e9a4d094cc943a38a8b6cc4e48fc) Importer(815301076,1909f56bfc062723c751e8b465ee728b)  -> (artifact id: '700d4c24153f826676b5dd392f85d43e') in 0.079190 seconds
  Import took 0.084247 seconds .

========================================================================
Received Prepare
Registering precompiled user dll's ...
Registered in 0.001021 seconds.
Begin MonoManager ReloadAssembly
Native extension for WindowsStandalone target not found
Refreshing native plugins compatible for Editor in 1.02 ms, found 1 plugins.
Preloading 0 native plugins for Editor in 0.00 ms.
Invoked RoslynAnalysisRunner static constructor.
RoslynAnalysisRunner will not be running.
RoslynAnalysisRunner has terminated.
Mono: successfully reloaded assembly
- Completed reload, in  1.289 seconds
Platform modules already initialized, skipping
Refreshing native plugins compatible for Editor in 0.48 ms, found 1 plugins.
Preloading 0 native plugins for Editor in 0.00 ms.
Unloading 1980 Unused Serialized files (Serialized files now loaded: 0)
System memory in use before: 94.8 MB.
System memory in use after: 94.9 MB.

Unloading 12 unused Assets to reduce memory usage. Loaded Objects now: 2473.
Total: 3.757500 ms (FindLiveObjects: 0.242900 ms CreateObjectMapping: 0.098700 ms MarkObjects: 3.318500 ms  DeleteObjects: 0.095700 ms)

========================================================================
Received Import Request.
  Time since last request: 114.270441 seconds.
  path: Assets/Scenes/HomeScene.unity
  artifactKey: Guid(fa1d321e318b1c44da63ffa5ff0cc078) Importer(815301076,1909f56bfc062723c751e8b465ee728b)
Start importing Assets/Scenes/HomeScene.unity using Guid(fa1d321e318b1c44da63ffa5ff0cc078) Importer(815301076,1909f56bfc062723c751e8b465ee728b)  -> (artifact id: 'ab96789f5b3e0bd5aafa44be1022903c') in 0.014607 seconds
  Import took 0.019541 seconds .

========================================================================
Received Prepare
Registering precompiled user dll's ...
Registered in 0.000921 seconds.
Begin MonoManager ReloadAssembly
Native extension for WindowsStandalone target not found
Refreshing native plugins compatible for Editor in 0.50 ms, found 1 plugins.
Preloading 0 native plugins for Editor in 0.00 ms.
Invoked RoslynAnalysisRunner static constructor.
RoslynAnalysisRunner will not be running.
RoslynAnalysisRunner has terminated.
Mono: successfully reloaded assembly
- Completed reload, in  0.966 seconds
Platform modules already initialized, skipping
Refreshing native plugins compatible for Editor in 0.67 ms, found 1 plugins.
Preloading 0 native plugins for Editor in 0.00 ms.
Unloading 1980 Unused Serialized files (Serialized files now loaded: 0)
System memory in use before: 94.9 MB.
System memory in use after: 94.9 MB.

Unloading 12 unused Assets to reduce memory usage. Loaded Objects now: 2477.
Total: 2.287600 ms (FindLiveObjects: 0.254800 ms CreateObjectMapping: 0.099800 ms MarkObjects: 1.831500 ms  DeleteObjects: 0.100200 ms)

========================================================================
Received Prepare
Registering precompiled user dll's ...
Registered in 0.000935 seconds.
Begin MonoManager ReloadAssembly
Native extension for WindowsStandalone target not found
Refreshing native plugins compatible for Editor in 0.46 ms, found 1 plugins.
Preloading 0 native plugins for Editor in 0.00 ms.
Invoked RoslynAnalysisRunner static constructor.
RoslynAnalysisRunner will not be running.
RoslynAnalysisRunner has terminated.
Mono: successfully reloaded assembly
- Completed reload, in  0.955 seconds
Platform modules already initialized, skipping
Refreshing native plugins compatible for Editor in 0.45 ms, found 1 plugins.
Preloading 0 native plugins for Editor in 0.00 ms.
Unloading 1980 Unused Serialized files (Serialized files now loaded: 0)
System memory in use before: 94.9 MB.
System memory in use after: 94.9 MB.

Unloading 12 unused Assets to reduce memory usage. Loaded Objects now: 2481.
Total: 2.262100 ms (FindLiveObjects: 0.220400 ms CreateObjectMapping: 0.090900 ms MarkObjects: 1.849700 ms  DeleteObjects: 0.100000 ms)

========================================================================
Received Prepare
Registering precompiled user dll's ...
Registered in 0.001435 seconds.
Begin MonoManager ReloadAssembly
Native extension for WindowsStandalone target not found
Refreshing native plugins compatible for Editor in 0.53 ms, found 1 plugins.
Preloading 0 native plugins for Editor in 0.00 ms.
Invoked RoslynAnalysisRunner static constructor.
RoslynAnalysisRunner will not be running.
RoslynAnalysisRunner has terminated.
Mono: successfully reloaded assembly
- Completed reload, in  0.961 seconds
Platform modules already initialized, skipping
Refreshing native plugins compatible for Editor in 0.46 ms, found 1 plugins.
Preloading 0 native plugins for Editor in 0.00 ms.
Unloading 1980 Unused Serialized files (Serialized files now loaded: 0)
System memory in use before: 94.9 MB.
System memory in use after: 94.9 MB.

Unloading 12 unused Assets to reduce memory usage. Loaded Objects now: 2485.
Total: 2.831800 ms (FindLiveObjects: 0.261100 ms CreateObjectMapping: 0.119300 ms MarkObjects: 2.335500 ms  DeleteObjects: 0.115100 ms)

========================================================================
Received Prepare
Registering precompiled user dll's ...
Registered in 0.000903 seconds.
Begin MonoManager ReloadAssembly
Native extension for WindowsStandalone target not found
Refreshing native plugins compatible for Editor in 0.48 ms, found 1 plugins.
Preloading 0 native plugins for Editor in 0.00 ms.
Invoked RoslynAnalysisRunner static constructor.
RoslynAnalysisRunner will not be running.
RoslynAnalysisRunner has terminated.
Mono: successfully reloaded assembly
- Completed reload, in  0.936 seconds
Platform modules already initialized, skipping
Refreshing native plugins compatible for Editor in 0.52 ms, found 1 plugins.
Preloading 0 native plugins for Editor in 0.00 ms.
Unloading 1980 Unused Serialized files (Serialized files now loaded: 0)
System memory in use before: 94.9 MB.
System memory in use after: 94.9 MB.

Unloading 12 unused Assets to reduce memory usage. Loaded Objects now: 2489.
Total: 2.357800 ms (FindLiveObjects: 0.248300 ms CreateObjectMapping: 0.089100 ms MarkObjects: 1.922700 ms  DeleteObjects: 0.096800 ms)

========================================================================
Received Import Request.
  Time since last request: 286.141523 seconds.
  path: Assets/Scenes/Level/Level 2.unity
  artifactKey: Guid(5b930c656c927ca469e37ecb0d28ced4) Importer(815301076,1909f56bfc062723c751e8b465ee728b)
Start importing Assets/Scenes/Level/Level 2.unity using Guid(5b930c656c927ca469e37ecb0d28ced4) Importer(815301076,1909f56bfc062723c751e8b465ee728b)  -> (artifact id: '6f0711bfdb9af7c75826528c0dd39cb0') in 0.015159 seconds
  Import took 0.019496 seconds .

========================================================================
Received Prepare
Registering precompiled user dll's ...
Registered in 0.000905 seconds.
Begin MonoManager ReloadAssembly
Native extension for WindowsStandalone target not found
Refreshing native plugins compatible for Editor in 0.46 ms, found 1 plugins.
Preloading 0 native plugins for Editor in 0.00 ms.
Invoked RoslynAnalysisRunner static constructor.
RoslynAnalysisRunner will not be running.
RoslynAnalysisRunner has terminated.
Mono: successfully reloaded assembly
- Completed reload, in  0.949 seconds
Platform modules already initialized, skipping
Refreshing native plugins compatible for Editor in 0.47 ms, found 1 plugins.
Preloading 0 native plugins for Editor in 0.00 ms.
Unloading 1980 Unused Serialized files (Serialized files now loaded: 0)
System memory in use before: 94.9 MB.
System memory in use after: 94.9 MB.

Unloading 12 unused Assets to reduce memory usage. Loaded Objects now: 2493.
Total: 3.630900 ms (FindLiveObjects: 0.317100 ms CreateObjectMapping: 0.145800 ms MarkObjects: 3.027900 ms  DeleteObjects: 0.138500 ms)

========================================================================
Received Prepare
Registering precompiled user dll's ...
Registered in 0.000935 seconds.
Begin MonoManager ReloadAssembly
Native extension for WindowsStandalone target not found
Refreshing native plugins compatible for Editor in 0.50 ms, found 1 plugins.
Preloading 0 native plugins for Editor in 0.00 ms.
Invoked RoslynAnalysisRunner static constructor.
RoslynAnalysisRunner will not be running.
RoslynAnalysisRunner has terminated.
Mono: successfully reloaded assembly
- Completed reload, in  0.960 seconds
Platform modules already initialized, skipping
Refreshing native plugins compatible for Editor in 0.45 ms, found 1 plugins.
Preloading 0 native plugins for Editor in 0.00 ms.
Unloading 1980 Unused Serialized files (Serialized files now loaded: 0)
System memory in use before: 94.9 MB.
System memory in use after: 94.9 MB.

Unloading 12 unused Assets to reduce memory usage. Loaded Objects now: 2497.
Total: 2.405700 ms (FindLiveObjects: 0.224100 ms CreateObjectMapping: 0.083800 ms MarkObjects: 2.004500 ms  DeleteObjects: 0.092300 ms)

========================================================================
Received Import Request.
  Time since last request: 29.735807 seconds.
  path: Assets/Prefabs/UI/Canvas - GameUI.prefab
  artifactKey: Guid(5774e9a4d094cc943a38a8b6cc4e48fc) Importer(815301076,1909f56bfc062723c751e8b465ee728b)
Start importing Assets/Prefabs/UI/Canvas - GameUI.prefab using Guid(5774e9a4d094cc943a38a8b6cc4e48fc) Importer(815301076,1909f56bfc062723c751e8b465ee728b)  -> (artifact id: 'b8f5bad96e362f315e921956dc696847') in 0.092523 seconds
  Import took 0.096953 seconds .

========================================================================
Received Import Request.
  Time since last request: 59.242785 seconds.
  path: Assets/Scenes/Level/Level 2.unity
  artifactKey: Guid(5b930c656c927ca469e37ecb0d28ced4) Importer(815301076,1909f56bfc062723c751e8b465ee728b)
Start importing Assets/Scenes/Level/Level 2.unity using Guid(5b930c656c927ca469e37ecb0d28ced4) Importer(815301076,1909f56bfc062723c751e8b465ee728b)  -> (artifact id: 'cc5261f5d9e859647742884aafbe2326') in 0.003347 seconds
  Import took 0.008127 seconds .

========================================================================
Received Prepare
Registering precompiled user dll's ...
Registered in 0.000922 seconds.
Begin MonoManager ReloadAssembly
Native extension for WindowsStandalone target not found
Refreshing native plugins compatible for Editor in 0.48 ms, found 1 plugins.
Preloading 0 native plugins for Editor in 0.00 ms.
Invoked RoslynAnalysisRunner static constructor.
RoslynAnalysisRunner will not be running.
RoslynAnalysisRunner has terminated.
Mono: successfully reloaded assembly
- Completed reload, in  0.921 seconds
Platform modules already initialized, skipping
Refreshing native plugins compatible for Editor in 0.60 ms, found 1 plugins.
Preloading 0 native plugins for Editor in 0.00 ms.
Unloading 1980 Unused Serialized files (Serialized files now loaded: 0)
System memory in use before: 94.9 MB.
System memory in use after: 95.0 MB.

Unloading 12 unused Assets to reduce memory usage. Loaded Objects now: 2501.
Total: 2.522100 ms (FindLiveObjects: 0.266000 ms CreateObjectMapping: 0.092700 ms MarkObjects: 2.066700 ms  DeleteObjects: 0.095600 ms)

========================================================================
Received Import Request.
  Time since last request: 34.502853 seconds.
  path: Assets/Prefabs/PlayerStartPosition.prefab
  artifactKey: Guid(f41ce458504eaa548a86d1a804a6a5e8) Importer(815301076,1909f56bfc062723c751e8b465ee728b)
Start importing Assets/Prefabs/PlayerStartPosition.prefab using Guid(f41ce458504eaa548a86d1a804a6a5e8) Importer(815301076,1909f56bfc062723c751e8b465ee728b)  -> (artifact id: '942e90a52c99b21ca0573fad636d5f0d') in 0.029356 seconds
  Import took 0.033029 seconds .

========================================================================
Received Prepare
Registering precompiled user dll's ...
Registered in 0.001287 seconds.
Begin MonoManager ReloadAssembly
Native extension for WindowsStandalone target not found
Refreshing native plugins compatible for Editor in 0.46 ms, found 1 plugins.
Preloading 0 native plugins for Editor in 0.00 ms.
Invoked RoslynAnalysisRunner static constructor.
RoslynAnalysisRunner will not be running.
RoslynAnalysisRunner has terminated.
Mono: successfully reloaded assembly
- Completed reload, in  0.984 seconds
Platform modules already initialized, skipping
Refreshing native plugins compatible for Editor in 0.45 ms, found 1 plugins.
Preloading 0 native plugins for Editor in 0.00 ms.
Unloading 1980 Unused Serialized files (Serialized files now loaded: 0)
System memory in use before: 94.9 MB.
System memory in use after: 95.0 MB.

Unloading 12 unused Assets to reduce memory usage. Loaded Objects now: 2505.
Total: 2.984500 ms (FindLiveObjects: 0.223100 ms CreateObjectMapping: 0.118800 ms MarkObjects: 2.520100 ms  DeleteObjects: 0.120900 ms)

========================================================================
Received Prepare
Registering precompiled user dll's ...
Registered in 0.000897 seconds.
Begin MonoManager ReloadAssembly
Native extension for WindowsStandalone target not found
Refreshing native plugins compatible for Editor in 0.53 ms, found 1 plugins.
Preloading 0 native plugins for Editor in 0.00 ms.
Invoked RoslynAnalysisRunner static constructor.
RoslynAnalysisRunner will not be running.
RoslynAnalysisRunner has terminated.
Mono: successfully reloaded assembly
- Completed reload, in  0.977 seconds
Platform modules already initialized, skipping
Refreshing native plugins compatible for Editor in 0.48 ms, found 1 plugins.
Preloading 0 native plugins for Editor in 0.00 ms.
Unloading 1980 Unused Serialized files (Serialized files now loaded: 0)
System memory in use before: 94.9 MB.
System memory in use after: 95.0 MB.

Unloading 12 unused Assets to reduce memory usage. Loaded Objects now: 2509.
Total: 2.363500 ms (FindLiveObjects: 0.253200 ms CreateObjectMapping: 0.104100 ms MarkObjects: 1.908700 ms  DeleteObjects: 0.096300 ms)

========================================================================
Received Prepare
Registering precompiled user dll's ...
Registered in 0.000883 seconds.
Begin MonoManager ReloadAssembly
Native extension for WindowsStandalone target not found
Refreshing native plugins compatible for Editor in 0.54 ms, found 1 plugins.
Preloading 0 native plugins for Editor in 0.00 ms.
Invoked RoslynAnalysisRunner static constructor.
RoslynAnalysisRunner will not be running.
RoslynAnalysisRunner has terminated.
Mono: successfully reloaded assembly
- Completed reload, in  0.958 seconds
Platform modules already initialized, skipping
Refreshing native plugins compatible for Editor in 0.47 ms, found 1 plugins.
Preloading 0 native plugins for Editor in 0.00 ms.
Unloading 1980 Unused Serialized files (Serialized files now loaded: 0)
System memory in use before: 95.0 MB.
System memory in use after: 95.0 MB.

Unloading 12 unused Assets to reduce memory usage. Loaded Objects now: 2513.
Total: 3.555900 ms (FindLiveObjects: 0.393300 ms CreateObjectMapping: 0.162100 ms MarkObjects: 2.860800 ms  DeleteObjects: 0.138200 ms)

========================================================================
Received Prepare
Registering precompiled user dll's ...
Registered in 0.000924 seconds.
Begin MonoManager ReloadAssembly
Native extension for WindowsStandalone target not found
Refreshing native plugins compatible for Editor in 0.48 ms, found 1 plugins.
Preloading 0 native plugins for Editor in 0.00 ms.
Invoked RoslynAnalysisRunner static constructor.
RoslynAnalysisRunner will not be running.
RoslynAnalysisRunner has terminated.
Mono: successfully reloaded assembly
- Completed reload, in  0.915 seconds
Platform modules already initialized, skipping
Refreshing native plugins compatible for Editor in 1.00 ms, found 1 plugins.
Preloading 0 native plugins for Editor in 0.00 ms.
Unloading 1980 Unused Serialized files (Serialized files now loaded: 0)
System memory in use before: 95.0 MB.
System memory in use after: 95.0 MB.

Unloading 12 unused Assets to reduce memory usage. Loaded Objects now: 2517.
Total: 2.747000 ms (FindLiveObjects: 0.334300 ms CreateObjectMapping: 0.136800 ms MarkObjects: 2.161000 ms  DeleteObjects: 0.113800 ms)

========================================================================
Received Import Request.
  Time since last request: 120.889590 seconds.
  path: Assets/Audio/SoundEffect
  artifactKey: Guid(800d0cbeb8127e74e8993e97648c36e0) Importer(815301076,1909f56bfc062723c751e8b465ee728b)
Start importing Assets/Audio/SoundEffect using Guid(800d0cbeb8127e74e8993e97648c36e0) Importer(815301076,1909f56bfc062723c751e8b465ee728b)  -> (artifact id: '089f0ca70addb2222d0f8c989fd4cfe7') in 0.011480 seconds
  Import took 0.015266 seconds .

========================================================================
Received Import Request.
  Time since last request: 0.196275 seconds.
  path: Assets/Audio/SoundEffect/Collectable 1.mp3
  artifactKey: Guid(480b1c86f09648745b273bb08daea7d7) Importer(815301076,1909f56bfc062723c751e8b465ee728b)
Start importing Assets/Audio/SoundEffect/Collectable 1.mp3 using Guid(480b1c86f09648745b273bb08daea7d7) Importer(815301076,1909f56bfc062723c751e8b465ee728b)  -> (artifact id: 'b40cf35c1b4ff570d36d5e5605b5e8de') in 0.046339 seconds
  Import took 0.051274 seconds .

========================================================================
Received Import Request.
  Time since last request: 0.000346 seconds.
  path: Assets/Audio/SoundEffect/minimam_laser.mp3
  artifactKey: Guid(4c20cf12681713245812c816550c885e) Importer(815301076,1909f56bfc062723c751e8b465ee728b)
Start importing Assets/Audio/SoundEffect/minimam_laser.mp3 using Guid(4c20cf12681713245812c816550c885e) Importer(815301076,1909f56bfc062723c751e8b465ee728b)  -> (artifact id: '7c2100f16bdb49fbec19704a9a98e1aa') in 0.012764 seconds
  Import took 0.016349 seconds .

========================================================================
Received Import Request.
  Time since last request: 0.000394 seconds.
  path: Assets/Audio/SoundEffect/Hurt.mp3
  artifactKey: Guid(6edd9f7f8e7d8594b963d71746cc8971) Importer(815301076,1909f56bfc062723c751e8b465ee728b)
Start importing Assets/Audio/SoundEffect/Hurt.mp3 using Guid(6edd9f7f8e7d8594b963d71746cc8971) Importer(815301076,1909f56bfc062723c751e8b465ee728b)  -> (artifact id: 'f2b5a59a88953f4ae4dd552b4c64b62c') in 0.013839 seconds
  Import took 0.017965 seconds .

========================================================================
Received Import Request.
  Time since last request: 0.000330 seconds.
  path: Assets/Audio/SoundEffect/jump.mp3
  artifactKey: Guid(e7ea5e375112f3645a0f121e4e0d6925) Importer(815301076,1909f56bfc062723c751e8b465ee728b)
Start importing Assets/Audio/SoundEffect/jump.mp3 using Guid(e7ea5e375112f3645a0f121e4e0d6925) Importer(815301076,1909f56bfc062723c751e8b465ee728b)  -> (artifact id: '082903dfebb541d11c7b20dbb46abc64') in 0.019782 seconds
  Import took 0.024574 seconds .

========================================================================
Received Import Request.
  Time since last request: 0.000284 seconds.
  path: Assets/Audio/SoundEffect/select01.mp3
  artifactKey: Guid(40978a34819c13e4fbcdd6581ebd54ef) Importer(815301076,1909f56bfc062723c751e8b465ee728b)
Start importing Assets/Audio/SoundEffect/select01.mp3 using Guid(40978a34819c13e4fbcdd6581ebd54ef) Importer(815301076,1909f56bfc062723c751e8b465ee728b)  -> (artifact id: '699d34e378186d35f508da680b7d71db') in 0.041514 seconds
  Import took 0.047213 seconds .

========================================================================
Received Import Request.
  Time since last request: 15.452037 seconds.
  path: Assets/Audio/SoundEffect/jump3.ogg
  artifactKey: Guid(c01c99412a69d2940ab77bfbaedec4b7) Importer(815301076,1909f56bfc062723c751e8b465ee728b)
Start importing Assets/Audio/SoundEffect/jump3.ogg using Guid(c01c99412a69d2940ab77bfbaedec4b7) Importer(815301076,1909f56bfc062723c751e8b465ee728b)  -> (artifact id: '4c5b6d820034caabc5b0a8260c572bbb') in 0.028833 seconds
  Import took 0.032608 seconds .

========================================================================
Received Import Request.
  Time since last request: 0.000321 seconds.
  path: Assets/Audio/SoundEffect/shoot15.ogg
  artifactKey: Guid(c0d345f663d29764aa05f95d9b5891f5) Importer(815301076,1909f56bfc062723c751e8b465ee728b)
Start importing Assets/Audio/SoundEffect/shoot15.ogg using Guid(c0d345f663d29764aa05f95d9b5891f5) Importer(815301076,1909f56bfc062723c751e8b465ee728b)  -> (artifact id: '38364ab1ce4f4fb18a511946bffffae0') in 0.011529 seconds
  Import took 0.014967 seconds .

========================================================================
Received Import Request.
  Time since last request: 28.232014 seconds.
  path: Assets/Audio/SoundEffect/Collectable 2.mp3
  artifactKey: Guid(18489ff531e3efb4eabbd63faa2cbfa5) Importer(815301076,1909f56bfc062723c751e8b465ee728b)
Start importing Assets/Audio/SoundEffect/Collectable 2.mp3 using Guid(18489ff531e3efb4eabbd63faa2cbfa5) Importer(815301076,1909f56bfc062723c751e8b465ee728b)  -> (artifact id: '4237bf7e824914e7d95041592943575e') in 0.022378 seconds
  Import took 0.026396 seconds .

========================================================================
Received Import Request.
  Time since last request: 0.003512 seconds.
  path: Assets/Audio/SoundEffect/Collectable 2.mp3
  artifactKey: Guid(18489ff531e3efb4eabbd63faa2cbfa5) Importer(815301076,1909f56bfc062723c751e8b465ee728b)
Start importing Assets/Audio/SoundEffect/Collectable 2.mp3 using Guid(18489ff531e3efb4eabbd63faa2cbfa5) Importer(815301076,1909f56bfc062723c751e8b465ee728b)  -> (artifact id: '4237bf7e824914e7d95041592943575e') in 0.010231 seconds
  Import took 0.014082 seconds .

========================================================================
Received Import Request.
  Time since last request: 83.418881 seconds.
  path: Assets/Audio/SoundEffect/Collectable 2.mp3
  artifactKey: Guid(18489ff531e3efb4eabbd63faa2cbfa5) Importer(815301076,1909f56bfc062723c751e8b465ee728b)
Start importing Assets/Audio/SoundEffect/Collectable 2.mp3 using Guid(18489ff531e3efb4eabbd63faa2cbfa5) Importer(815301076,1909f56bfc062723c751e8b465ee728b)  -> (artifact id: '1172d52f13a1594521805cecc79fbc7c') in 0.029761 seconds
  Import took 0.033783 seconds .

========================================================================
Received Prepare
Registering precompiled user dll's ...
Registered in 0.000940 seconds.
Begin MonoManager ReloadAssembly
Native extension for WindowsStandalone target not found
Refreshing native plugins compatible for Editor in 0.52 ms, found 1 plugins.
Preloading 0 native plugins for Editor in 0.00 ms.
Invoked RoslynAnalysisRunner static constructor.
RoslynAnalysisRunner will not be running.
RoslynAnalysisRunner has terminated.
Mono: successfully reloaded assembly
- Completed reload, in  0.953 seconds
Platform modules already initialized, skipping
Refreshing native plugins compatible for Editor in 0.45 ms, found 1 plugins.
Preloading 0 native plugins for Editor in 0.00 ms.
Unloading 1980 Unused Serialized files (Serialized files now loaded: 0)
System memory in use before: 95.0 MB.
System memory in use after: 95.0 MB.

Unloading 12 unused Assets to reduce memory usage. Loaded Objects now: 2522.
Total: 2.672400 ms (FindLiveObjects: 0.302400 ms CreateObjectMapping: 0.221300 ms MarkObjects: 2.049600 ms  DeleteObjects: 0.097200 ms)

========================================================================
Received Prepare
Registering precompiled user dll's ...
Registered in 0.002149 seconds.
Begin MonoManager ReloadAssembly
Native extension for WindowsStandalone target not found
Refreshing native plugins compatible for Editor in 0.54 ms, found 1 plugins.
Preloading 0 native plugins for Editor in 0.00 ms.
Invoked RoslynAnalysisRunner static constructor.
RoslynAnalysisRunner will not be running.
RoslynAnalysisRunner has terminated.
Mono: successfully reloaded assembly
- Completed reload, in  1.190 seconds
Platform modules already initialized, skipping
Refreshing native plugins compatible for Editor in 0.97 ms, found 1 plugins.
Preloading 0 native plugins for Editor in 0.00 ms.
Unloading 1980 Unused Serialized files (Serialized files now loaded: 0)
System memory in use before: 95.0 MB.
System memory in use after: 95.0 MB.

Unloading 12 unused Assets to reduce memory usage. Loaded Objects now: 2526.
Total: 3.702600 ms (FindLiveObjects: 0.627100 ms CreateObjectMapping: 0.248400 ms MarkObjects: 2.673800 ms  DeleteObjects: 0.121400 ms)

========================================================================
Received Import Request.
  Time since last request: 194.159374 seconds.
  path: Assets/Audio/SoundEffect/jump.mp3
  artifactKey: Guid(e7ea5e375112f3645a0f121e4e0d6925) Importer(815301076,1909f56bfc062723c751e8b465ee728b)
Start importing Assets/Audio/SoundEffect/jump.mp3 using Guid(e7ea5e375112f3645a0f121e4e0d6925) Importer(815301076,1909f56bfc062723c751e8b465ee728b)  -> (artifact id: '65a957bcc6b464a2008093fc44f8db90') in 0.053676 seconds
  Import took 0.057867 seconds .

========================================================================
Received Import Request.
  Time since last request: 102.004878 seconds.
  path: Assets/Audio/SoundEffect/hurt.mp3
  artifactKey: Guid(6edd9f7f8e7d8594b963d71746cc8971) Importer(815301076,1909f56bfc062723c751e8b465ee728b)
Start importing Assets/Audio/SoundEffect/hurt.mp3 using Guid(6edd9f7f8e7d8594b963d71746cc8971) Importer(815301076,1909f56bfc062723c751e8b465ee728b)  -> (artifact id: '8dbfb9a1088fc3d5d32d590c6c0c335f') in 0.026598 seconds
  Import took 0.031062 seconds .

========================================================================
Received Import Request.
  Time since last request: 16.026776 seconds.
  path: Assets/Audio/SoundEffect/collect.mp3
  artifactKey: Guid(18489ff531e3efb4eabbd63faa2cbfa5) Importer(815301076,1909f56bfc062723c751e8b465ee728b)
Start importing Assets/Audio/SoundEffect/collect.mp3 using Guid(18489ff531e3efb4eabbd63faa2cbfa5) Importer(815301076,1909f56bfc062723c751e8b465ee728b)  -> (artifact id: '56eee2cc5e593ea97034c9450d5b8524') in 0.014325 seconds
  Import took 0.019025 seconds .

========================================================================
Received Prepare
Registering precompiled user dll's ...
Registered in 0.001026 seconds.
Begin MonoManager ReloadAssembly
Native extension for WindowsStandalone target not found
Refreshing native plugins compatible for Editor in 0.50 ms, found 1 plugins.
Preloading 0 native plugins for Editor in 0.00 ms.
Invoked RoslynAnalysisRunner static constructor.
RoslynAnalysisRunner will not be running.
RoslynAnalysisRunner has terminated.
Mono: successfully reloaded assembly
- Completed reload, in  0.926 seconds
Platform modules already initialized, skipping
Refreshing native plugins compatible for Editor in 0.53 ms, found 1 plugins.
Preloading 0 native plugins for Editor in 0.00 ms.
Unloading 1980 Unused Serialized files (Serialized files now loaded: 0)
System memory in use before: 95.0 MB.
System memory in use after: 95.0 MB.

Unloading 12 unused Assets to reduce memory usage. Loaded Objects now: 2531.
Total: 4.152800 ms (FindLiveObjects: 0.452400 ms CreateObjectMapping: 0.168400 ms MarkObjects: 3.322200 ms  DeleteObjects: 0.207600 ms)

========================================================================
Received Prepare
Registering precompiled user dll's ...
Registered in 0.000891 seconds.
Begin MonoManager ReloadAssembly
Native extension for WindowsStandalone target not found
Refreshing native plugins compatible for Editor in 0.49 ms, found 1 plugins.
Preloading 0 native plugins for Editor in 0.00 ms.
Invoked RoslynAnalysisRunner static constructor.
RoslynAnalysisRunner will not be running.
RoslynAnalysisRunner has terminated.
Mono: successfully reloaded assembly
- Completed reload, in  0.914 seconds
Platform modules already initialized, skipping
Refreshing native plugins compatible for Editor in 0.51 ms, found 1 plugins.
Preloading 0 native plugins for Editor in 0.00 ms.
Unloading 1980 Unused Serialized files (Serialized files now loaded: 0)
System memory in use before: 95.0 MB.
System memory in use after: 95.0 MB.

Unloading 12 unused Assets to reduce memory usage. Loaded Objects now: 2535.
Total: 2.557700 ms (FindLiveObjects: 0.261200 ms CreateObjectMapping: 0.099600 ms MarkObjects: 2.082200 ms  DeleteObjects: 0.113600 ms)

========================================================================
Received Prepare
Registering precompiled user dll's ...
Registered in 0.000880 seconds.
Begin MonoManager ReloadAssembly
Native extension for WindowsStandalone target not found
Refreshing native plugins compatible for Editor in 0.50 ms, found 1 plugins.
Preloading 0 native plugins for Editor in 0.00 ms.
Invoked RoslynAnalysisRunner static constructor.
RoslynAnalysisRunner will not be running.
RoslynAnalysisRunner has terminated.
Mono: successfully reloaded assembly
- Completed reload, in  0.905 seconds
Platform modules already initialized, skipping
Refreshing native plugins compatible for Editor in 0.46 ms, found 1 plugins.
Preloading 0 native plugins for Editor in 0.00 ms.
Unloading 1980 Unused Serialized files (Serialized files now loaded: 0)
System memory in use before: 95.0 MB.
System memory in use after: 95.1 MB.

Unloading 12 unused Assets to reduce memory usage. Loaded Objects now: 2539.
Total: 2.558700 ms (FindLiveObjects: 0.323600 ms CreateObjectMapping: 0.129100 ms MarkObjects: 2.004000 ms  DeleteObjects: 0.100700 ms)

========================================================================
Received Import Request.
  Time since last request: 162.701757 seconds.
  path: Assets/Scenes/Level/Level 2.unity
  artifactKey: Guid(5b930c656c927ca469e37ecb0d28ced4) Importer(815301076,1909f56bfc062723c751e8b465ee728b)
Start importing Assets/Scenes/Level/Level 2.unity using Guid(5b930c656c927ca469e37ecb0d28ced4) Importer(815301076,1909f56bfc062723c751e8b465ee728b)  -> (artifact id: '86dde5fcd3737c310a592293fb973277') in 0.015995 seconds
  Import took 0.019519 seconds .

========================================================================
Received Prepare
Registering precompiled user dll's ...
Registered in 0.000959 seconds.
Begin MonoManager ReloadAssembly
Native extension for WindowsStandalone target not found
Refreshing native plugins compatible for Editor in 0.60 ms, found 1 plugins.
Preloading 0 native plugins for Editor in 0.00 ms.
Invoked RoslynAnalysisRunner static constructor.
RoslynAnalysisRunner will not be running.
RoslynAnalysisRunner has terminated.
Mono: successfully reloaded assembly
- Completed reload, in  0.923 seconds
Platform modules already initialized, skipping
Refreshing native plugins compatible for Editor in 0.46 ms, found 1 plugins.
Preloading 0 native plugins for Editor in 0.00 ms.
Unloading 1980 Unused Serialized files (Serialized files now loaded: 0)
System memory in use before: 95.0 MB.
System memory in use after: 95.1 MB.

Unloading 12 unused Assets to reduce memory usage. Loaded Objects now: 2543.
Total: 2.419600 ms (FindLiveObjects: 0.261800 ms CreateObjectMapping: 0.098100 ms MarkObjects: 1.959800 ms  DeleteObjects: 0.098500 ms)

========================================================================
Received Prepare
Registering precompiled user dll's ...
Registered in 0.001103 seconds.
Begin MonoManager ReloadAssembly
Native extension for WindowsStandalone target not found
Refreshing native plugins compatible for Editor in 0.51 ms, found 1 plugins.
Preloading 0 native plugins for Editor in 0.00 ms.
Invoked RoslynAnalysisRunner static constructor.
RoslynAnalysisRunner will not be running.
RoslynAnalysisRunner has terminated.
Mono: successfully reloaded assembly
- Completed reload, in  0.927 seconds
Platform modules already initialized, skipping
Refreshing native plugins compatible for Editor in 0.46 ms, found 1 plugins.
Preloading 0 native plugins for Editor in 0.00 ms.
Unloading 1980 Unused Serialized files (Serialized files now loaded: 0)
System memory in use before: 95.1 MB.
System memory in use after: 95.1 MB.

Unloading 12 unused Assets to reduce memory usage. Loaded Objects now: 2547.
Total: 2.469400 ms (FindLiveObjects: 0.220500 ms CreateObjectMapping: 0.092100 ms MarkObjects: 2.057900 ms  DeleteObjects: 0.097900 ms)

========================================================================
Received Prepare
Registering precompiled user dll's ...
Registered in 0.000902 seconds.
Begin MonoManager ReloadAssembly
Native extension for WindowsStandalone target not found
Refreshing native plugins compatible for Editor in 0.50 ms, found 1 plugins.
Preloading 0 native plugins for Editor in 0.00 ms.
Invoked RoslynAnalysisRunner static constructor.
RoslynAnalysisRunner will not be running.
RoslynAnalysisRunner has terminated.
Mono: successfully reloaded assembly
- Completed reload, in  0.927 seconds
Platform modules already initialized, skipping
Refreshing native plugins compatible for Editor in 0.46 ms, found 1 plugins.
Preloading 0 native plugins for Editor in 0.00 ms.
Unloading 1980 Unused Serialized files (Serialized files now loaded: 0)
System memory in use before: 95.1 MB.
System memory in use after: 95.1 MB.

Unloading 12 unused Assets to reduce memory usage. Loaded Objects now: 2551.
Total: 2.759900 ms (FindLiveObjects: 0.316300 ms CreateObjectMapping: 0.120100 ms MarkObjects: 2.225900 ms  DeleteObjects: 0.096700 ms)

========================================================================
Received Prepare
Registering precompiled user dll's ...
Registered in 0.001073 seconds.
Begin MonoManager ReloadAssembly
Native extension for WindowsStandalone target not found
Refreshing native plugins compatible for Editor in 0.49 ms, found 1 plugins.
Preloading 0 native plugins for Editor in 0.00 ms.
Invoked RoslynAnalysisRunner static constructor.
RoslynAnalysisRunner will not be running.
RoslynAnalysisRunner has terminated.
Mono: successfully reloaded assembly
- Completed reload, in  0.927 seconds
Platform modules already initialized, skipping
Refreshing native plugins compatible for Editor in 0.49 ms, found 1 plugins.
Preloading 0 native plugins for Editor in 0.00 ms.
Unloading 1980 Unused Serialized files (Serialized files now loaded: 0)
System memory in use before: 95.1 MB.
System memory in use after: 95.1 MB.

Unloading 12 unused Assets to reduce memory usage. Loaded Objects now: 2555.
Total: 2.650000 ms (FindLiveObjects: 0.311000 ms CreateObjectMapping: 0.178200 ms MarkObjects: 2.052200 ms  DeleteObjects: 0.106500 ms)

========================================================================
Received Prepare
Registering precompiled user dll's ...
Registered in 0.001072 seconds.
Begin MonoManager ReloadAssembly
Native extension for WindowsStandalone target not found
Refreshing native plugins compatible for Editor in 0.53 ms, found 1 plugins.
Preloading 0 native plugins for Editor in 0.00 ms.
Invoked RoslynAnalysisRunner static constructor.
RoslynAnalysisRunner will not be running.
RoslynAnalysisRunner has terminated.
Mono: successfully reloaded assembly
- Completed reload, in  0.963 seconds
Platform modules already initialized, skipping
Refreshing native plugins compatible for Editor in 0.46 ms, found 1 plugins.
Preloading 0 native plugins for Editor in 0.00 ms.
Unloading 1980 Unused Serialized files (Serialized files now loaded: 0)
System memory in use before: 95.1 MB.
System memory in use after: 95.1 MB.

Unloading 12 unused Assets to reduce memory usage. Loaded Objects now: 2559.
Total: 2.573300 ms (FindLiveObjects: 0.329900 ms CreateObjectMapping: 0.176800 ms MarkObjects: 1.957700 ms  DeleteObjects: 0.107300 ms)

========================================================================
Received Prepare
Registering precompiled user dll's ...
Registered in 0.000910 seconds.
Begin MonoManager ReloadAssembly
Native extension for WindowsStandalone target not found
Refreshing native plugins compatible for Editor in 0.51 ms, found 1 plugins.
Preloading 0 native plugins for Editor in 0.00 ms.
Invoked RoslynAnalysisRunner static constructor.
RoslynAnalysisRunner will not be running.
RoslynAnalysisRunner has terminated.
Mono: successfully reloaded assembly
- Completed reload, in  0.949 seconds
Platform modules already initialized, skipping
Refreshing native plugins compatible for Editor in 1.26 ms, found 1 plugins.
Preloading 0 native plugins for Editor in 0.00 ms.
Unloading 1980 Unused Serialized files (Serialized files now loaded: 0)
System memory in use before: 95.1 MB.
System memory in use after: 95.1 MB.

Unloading 12 unused Assets to reduce memory usage. Loaded Objects now: 2563.
Total: 3.649900 ms (FindLiveObjects: 0.734300 ms CreateObjectMapping: 0.187000 ms MarkObjects: 2.595900 ms  DeleteObjects: 0.130800 ms)

========================================================================
Received Prepare
Registering precompiled user dll's ...
Registered in 0.000983 seconds.
Begin MonoManager ReloadAssembly
Native extension for WindowsStandalone target not found
Refreshing native plugins compatible for Editor in 0.46 ms, found 1 plugins.
Preloading 0 native plugins for Editor in 0.00 ms.
Invoked RoslynAnalysisRunner static constructor.
RoslynAnalysisRunner will not be running.
RoslynAnalysisRunner has terminated.
Mono: successfully reloaded assembly
- Completed reload, in  0.966 seconds
Platform modules already initialized, skipping
Refreshing native plugins compatible for Editor in 0.50 ms, found 1 plugins.
Preloading 0 native plugins for Editor in 0.00 ms.
Unloading 1980 Unused Serialized files (Serialized files now loaded: 0)
System memory in use before: 95.1 MB.
System memory in use after: 95.1 MB.

Unloading 12 unused Assets to reduce memory usage. Loaded Objects now: 2567.
Total: 2.676600 ms (FindLiveObjects: 0.310000 ms CreateObjectMapping: 0.119600 ms MarkObjects: 2.142100 ms  DeleteObjects: 0.103100 ms)

========================================================================
Received Prepare
Registering precompiled user dll's ...
Registered in 0.000949 seconds.
Begin MonoManager ReloadAssembly
Native extension for WindowsStandalone target not found
Refreshing native plugins compatible for Editor in 0.61 ms, found 1 plugins.
Preloading 0 native plugins for Editor in 0.00 ms.
Invoked RoslynAnalysisRunner static constructor.
RoslynAnalysisRunner will not be running.
RoslynAnalysisRunner has terminated.
Mono: successfully reloaded assembly
- Completed reload, in  1.010 seconds
Platform modules already initialized, skipping
Refreshing native plugins compatible for Editor in 0.46 ms, found 1 plugins.
Preloading 0 native plugins for Editor in 0.00 ms.
Unloading 1980 Unused Serialized files (Serialized files now loaded: 0)
System memory in use before: 95.1 MB.
System memory in use after: 95.1 MB.

Unloading 12 unused Assets to reduce memory usage. Loaded Objects now: 2571.
Total: 2.499700 ms (FindLiveObjects: 0.238400 ms CreateObjectMapping: 0.083600 ms MarkObjects: 2.046000 ms  DeleteObjects: 0.130600 ms)

========================================================================
Received Prepare
Registering precompiled user dll's ...
Registered in 0.000937 seconds.
Begin MonoManager ReloadAssembly
Native extension for WindowsStandalone target not found
Refreshing native plugins compatible for Editor in 0.48 ms, found 1 plugins.
Preloading 0 native plugins for Editor in 0.00 ms.
Invoked RoslynAnalysisRunner static constructor.
RoslynAnalysisRunner will not be running.
RoslynAnalysisRunner has terminated.
Mono: successfully reloaded assembly
- Completed reload, in  1.027 seconds
Platform modules already initialized, skipping
Refreshing native plugins compatible for Editor in 0.48 ms, found 1 plugins.
Preloading 0 native plugins for Editor in 0.00 ms.
Unloading 1980 Unused Serialized files (Serialized files now loaded: 0)
System memory in use before: 95.1 MB.
System memory in use after: 95.1 MB.

Unloading 12 unused Assets to reduce memory usage. Loaded Objects now: 2575.
Total: 3.274600 ms (FindLiveObjects: 0.376900 ms CreateObjectMapping: 0.156700 ms MarkObjects: 2.624000 ms  DeleteObjects: 0.115300 ms)

AssetImportWorkerClient::OnTransportError - code=2 error=End of file
